<?xml version="1.0" encoding="UTF-8"?>
<!-- Generated by org.testng.reporters.JUnitReportReporter -->
<testsuite hostname="LAPTOP-A51RLTR5" failures="0" tests="1" name="com.sdd.NewTest" time="0.004" errors="0" timestamp="2022-02-27T04:06:44 SGT" skipped="0">
  <testcase classname="com.sdd.NewTest" name="f" time="0.004"/>
</testsuite> <!-- com.sdd.NewTest -->
