<?xml version="1.0" encoding="UTF-8"?>
<!-- Generated by org.testng.reporters.JUnitReportReporter -->
<testsuite hostname="LAPTOP-43VJ8QKO" failures="0" tests="2" name="DevOpsTest" time="0.117" errors="0" timestamp="2022-02-21T13:30:17 SGT" skipped="0">
  <testcase classname="DevOpsTest" name="checkTitle" time="0.036"/>
  <system-out/>
  <testcase classname="DevOpsTest" name="checkId" time="0.081"/>
  <system-out/>
</testsuite> <!-- DevOpsTest -->
